<?xml version="1.0" encoding="UTF-8"?>
<testng-results ignored="0" total="2" passed="2" failed="0" skipped="0">
  <reporter-output>
  </reporter-output>
  <suite started-at="2023-09-26T10:19:47 EDT" name="Suite" finished-at="2023-09-26T10:19:58 EDT" duration-ms="10526">
    <groups>
    </groups>
    <test started-at="2023-09-26T10:19:47 EDT" name="Regression" finished-at="2023-09-26T10:19:58 EDT" duration-ms="10526">
      <class name="com.smokeAndRegerssion.GooglewithAtag">
        <test-method signature="GoogleWIthAtag()[pri:0, instance:com.smokeAndRegerssion.GooglewithAtag@4df50bcc]" started-at="2023-09-26T10:19:47 EDT" name="GoogleWIthAtag" finished-at="2023-09-26T10:19:54 EDT" duration-ms="7266" status="PASS">
          <reporter-output>
          </reporter-output>
        </test-method> <!-- GoogleWIthAtag -->
      </class> <!-- com.smokeAndRegerssion.GooglewithAtag -->
      <class name="com.smokeAndRegerssion.GoogleTest">
        <test-method signature="google()[pri:0, instance:com.smokeAndRegerssion.GoogleTest@d4342c2]" started-at="2023-09-26T10:19:54 EDT" name="google" finished-at="2023-09-26T10:19:58 EDT" duration-ms="3218" status="PASS">
          <reporter-output>
          </reporter-output>
        </test-method> <!-- google -->
      </class> <!-- com.smokeAndRegerssion.GoogleTest -->
    </test> <!-- Regression -->
  </suite> <!-- Suite -->
</testng-results>
