<?xml version="1.0" encoding="UTF-8"?>
<testng-results ignored="0" total="3" passed="3" failed="0" skipped="0">
  <reporter-output>
  </reporter-output>
  <suite started-at="2023-09-26T16:37:07 EDT" name="Suite" finished-at="2023-09-26T16:37:12 EDT" duration-ms="4885">
    <groups>
    </groups>
    <test started-at="2023-09-26T16:37:07 EDT" name="smoke" finished-at="2023-09-26T16:37:12 EDT" duration-ms="4885">
      <class name="com.smokeAndRegerssion.GoogleTest">
        <test-method signature="google()[pri:0, instance:com.smokeAndRegerssion.GoogleTest@4df50bcc]" started-at="2023-09-26T16:37:07 EDT" name="google" finished-at="2023-09-26T16:37:12 EDT" duration-ms="4852" status="PASS">
          <reporter-output>
          </reporter-output>
        </test-method> <!-- google -->
      </class> <!-- com.smokeAndRegerssion.GoogleTest -->
    </test> <!-- smoke -->
  </suite> <!-- Suite -->
  <suite started-at="2023-09-26T16:37:12 EDT" name="Suite (0)" finished-at="2023-09-26T16:37:22 EDT" duration-ms="9762">
    <groups>
    </groups>
    <test started-at="2023-09-26T16:37:12 EDT" name="Regression" finished-at="2023-09-26T16:37:22 EDT" duration-ms="9762">
      <class name="com.smokeAndRegerssion.GooglewithAtag">
        <test-method signature="GoogleWIthAtag()[pri:0, instance:com.smokeAndRegerssion.GooglewithAtag@78b66d36]" started-at="2023-09-26T16:37:12 EDT" name="GoogleWIthAtag" finished-at="2023-09-26T16:37:16 EDT" duration-ms="3906" status="PASS">
          <reporter-output>
          </reporter-output>
        </test-method> <!-- GoogleWIthAtag -->
      </class> <!-- com.smokeAndRegerssion.GooglewithAtag -->
      <class name="com.smokeAndRegerssion.GoogleTest">
        <test-method signature="google()[pri:0, instance:com.smokeAndRegerssion.GoogleTest@5223e5ee]" started-at="2023-09-26T16:37:16 EDT" name="google" finished-at="2023-09-26T16:37:22 EDT" duration-ms="5852" status="PASS">
          <reporter-output>
          </reporter-output>
        </test-method> <!-- google -->
      </class> <!-- com.smokeAndRegerssion.GoogleTest -->
    </test> <!-- Regression -->
  </suite> <!-- Suite (0) -->
</testng-results>
